Analysis & Synthesis report for cpld_dsp
Sat Oct 14 14:26:36 2023
Quartus Prime Version 22.1std.2 Build 922 07/20/2023 SC Lite Edition


---------------------
; Table of Contents ;
---------------------
  1. Legal Notice
  2. Analysis & Synthesis Summary
  3. Analysis & Synthesis Settings
  4. Parallel Compilation
  5. Analysis & Synthesis Source Files Read
  6. Analysis & Synthesis Resource Usage Summary
  7. Analysis & Synthesis Resource Utilization by Entity
  8. General Register Statistics
  9. Parameter Settings for User Entity Instance: Top-level Entity: |cpld_dsp
 10. Analysis & Synthesis Messages



----------------
; Legal Notice ;
----------------
Copyright (C) 2023  Intel Corporation. All rights reserved.
Your use of Intel Corporation's design tools, logic functions 
and other software and tools, and any partner logic 
functions, and any output files from any of the foregoing 
(including device programming or simulation files), and any 
associated documentation or information are expressly subject 
to the terms and conditions of the Intel Program License 
Subscription Agreement, the Intel Quartus Prime License Agreement,
the Intel FPGA IP License Agreement, or other applicable license
agreement, including, without limitation, that your use is for
the sole purpose of programming logic devices manufactured by
Intel and sold by Intel or its authorized distributors.  Please
refer to the applicable agreement for further details, at
https://fpgasoftware.intel.com/eula.



+------------------------------------------------------------------------------+
; Analysis & Synthesis Summary                                                 ;
+-----------------------------+------------------------------------------------+
; Analysis & Synthesis Status ; Successful - Sat Oct 14 14:26:36 2023          ;
; Quartus Prime Version       ; 22.1std.2 Build 922 07/20/2023 SC Lite Edition ;
; Revision Name               ; cpld_dsp                                       ;
; Top-level Entity Name       ; cpld_dsp                                       ;
; Family                      ; MAX II                                         ;
; Total logic elements        ; 0                                              ;
; Total pins                  ; 41                                             ;
; Total virtual pins          ; 0                                              ;
; UFM blocks                  ; 0 / 1 ( 0 % )                                  ;
+-----------------------------+------------------------------------------------+


+------------------------------------------------------------------------------------------------------------+
; Analysis & Synthesis Settings                                                                              ;
+------------------------------------------------------------------+--------------------+--------------------+
; Option                                                           ; Setting            ; Default Value      ;
+------------------------------------------------------------------+--------------------+--------------------+
; Device                                                           ; EPM240T100C5       ;                    ;
; Top-level entity name                                            ; cpld_dsp           ; cpld_dsp           ;
; Family name                                                      ; MAX II             ; Cyclone V          ;
; Use smart compilation                                            ; Off                ; Off                ;
; Enable parallel Assembler and Timing Analyzer during compilation ; On                 ; On                 ;
; Enable compact report table                                      ; Off                ; Off                ;
; Restructure Multiplexers                                         ; Auto               ; Auto               ;
; Create Debugging Nodes for IP Cores                              ; Off                ; Off                ;
; Preserve fewer node names                                        ; On                 ; On                 ;
; Intel FPGA IP Evaluation Mode                                    ; Enable             ; Enable             ;
; Verilog Version                                                  ; Verilog_2001       ; Verilog_2001       ;
; VHDL Version                                                     ; VHDL_1993          ; VHDL_1993          ;
; State Machine Processing                                         ; Auto               ; Auto               ;
; Safe State Machine                                               ; Off                ; Off                ;
; Extract Verilog State Machines                                   ; On                 ; On                 ;
; Extract VHDL State Machines                                      ; On                 ; On                 ;
; Ignore Verilog initial constructs                                ; Off                ; Off                ;
; Iteration limit for constant Verilog loops                       ; 5000               ; 5000               ;
; Iteration limit for non-constant Verilog loops                   ; 250                ; 250                ;
; Add Pass-Through Logic to Inferred RAMs                          ; On                 ; On                 ;
; Infer RAMs from Raw Logic                                        ; On                 ; On                 ;
; Parallel Synthesis                                               ; On                 ; On                 ;
; NOT Gate Push-Back                                               ; On                 ; On                 ;
; Power-Up Don't Care                                              ; On                 ; On                 ;
; Remove Redundant Logic Cells                                     ; Off                ; Off                ;
; Remove Duplicate Registers                                       ; On                 ; On                 ;
; Ignore CARRY Buffers                                             ; Off                ; Off                ;
; Ignore CASCADE Buffers                                           ; Off                ; Off                ;
; Ignore GLOBAL Buffers                                            ; Off                ; Off                ;
; Ignore ROW GLOBAL Buffers                                        ; Off                ; Off                ;
; Ignore LCELL Buffers                                             ; Off                ; Off                ;
; Ignore SOFT Buffers                                              ; On                 ; On                 ;
; Limit AHDL Integers to 32 Bits                                   ; Off                ; Off                ;
; Optimization Technique                                           ; Balanced           ; Balanced           ;
; Carry Chain Length                                               ; 70                 ; 70                 ;
; Auto Carry Chains                                                ; On                 ; On                 ;
; Auto Open-Drain Pins                                             ; On                 ; On                 ;
; Perform WYSIWYG Primitive Resynthesis                            ; Off                ; Off                ;
; Auto Shift Register Replacement                                  ; Auto               ; Auto               ;
; Allow Shift Register Merging across Hierarchies                  ; Auto               ; Auto               ;
; Auto Clock Enable Replacement                                    ; On                 ; On                 ;
; Allow Synchronous Control Signals                                ; On                 ; On                 ;
; Force Use of Synchronous Clear Signals                           ; Off                ; Off                ;
; Auto Resource Sharing                                            ; Off                ; Off                ;
; Use LogicLock Constraints during Resource Balancing              ; On                 ; On                 ;
; Ignore translate_off and synthesis_off directives                ; Off                ; Off                ;
; Report Parameter Settings                                        ; On                 ; On                 ;
; Report Source Assignments                                        ; On                 ; On                 ;
; Report Connectivity Checks                                       ; On                 ; On                 ;
; Ignore Maximum Fan-Out Assignments                               ; Off                ; Off                ;
; Synchronization Register Chain Length                            ; 2                  ; 2                  ;
; Power Optimization During Synthesis                              ; Normal compilation ; Normal compilation ;
; HDL message level                                                ; Level2             ; Level2             ;
; Suppress Register Optimization Related Messages                  ; Off                ; Off                ;
; Number of Removed Registers Reported in Synthesis Report         ; 5000               ; 5000               ;
; Number of Swept Nodes Reported in Synthesis Report               ; 5000               ; 5000               ;
; Number of Inverted Registers Reported in Synthesis Report        ; 100                ; 100                ;
; Clock MUX Protection                                             ; On                 ; On                 ;
; Block Design Naming                                              ; Auto               ; Auto               ;
; Synthesis Effort                                                 ; Auto               ; Auto               ;
; Shift Register Replacement - Allow Asynchronous Clear Signal     ; On                 ; On                 ;
; Analysis & Synthesis Message Level                               ; Medium             ; Medium             ;
; Disable Register Merging Across Hierarchies                      ; Auto               ; Auto               ;
+------------------------------------------------------------------+--------------------+--------------------+


+------------------------------------------+
; Parallel Compilation                     ;
+----------------------------+-------------+
; Processors                 ; Number      ;
+----------------------------+-------------+
; Number detected on machine ; 8           ;
; Maximum allowed            ; 4           ;
;                            ;             ;
; Average used               ; 1.00        ;
; Maximum used               ; 1           ;
;                            ;             ;
; Usage by Processor         ; % Time Used ;
;     Processor 1            ; 100.0%      ;
+----------------------------+-------------+


+--------------------------------------------------------------------------------------------------------------------------------------+
; Analysis & Synthesis Source Files Read                                                                                               ;
+----------------------------------+-----------------+-----------------+-----------------------------------------------------+---------+
; File Name with User-Entered Path ; Used in Netlist ; File Type       ; File Name with Absolute Path                        ; Library ;
+----------------------------------+-----------------+-----------------+-----------------------------------------------------+---------+
; cpld_dsp.vhd                     ; yes             ; User VHDL File  ; C:/Users/Bugra/Documents/cpld/cpld_dsp/cpld_dsp.vhd ;         ;
+----------------------------------+-----------------+-----------------+-----------------------------------------------------+---------+


+-----------------------------------------------------+
; Analysis & Synthesis Resource Usage Summary         ;
+---------------------------------------------+-------+
; Resource                                    ; Usage ;
+---------------------------------------------+-------+
; Total logic elements                        ; 0     ;
;     -- Combinational with no register       ; 0     ;
;     -- Register only                        ; 0     ;
;     -- Combinational with a register        ; 0     ;
;                                             ;       ;
; Logic element usage by number of LUT inputs ;       ;
;     -- 4 input functions                    ; 0     ;
;     -- 3 input functions                    ; 0     ;
;     -- 2 input functions                    ; 0     ;
;     -- 1 input functions                    ; 0     ;
;     -- 0 input functions                    ; 0     ;
;                                             ;       ;
; Logic elements by mode                      ;       ;
;     -- normal mode                          ; 0     ;
;     -- arithmetic mode                      ; 0     ;
;     -- qfbk mode                            ; 0     ;
;     -- register cascade mode                ; 0     ;
;     -- synchronous clear/load mode          ; 0     ;
;     -- asynchronous clear/load mode         ; 0     ;
;                                             ;       ;
; Total registers                             ; 0     ;
; I/O pins                                    ; 41    ;
+---------------------------------------------+-------+


+------------------------------------------------------------------------------------------------------------------------------------------------------------------------------------------------------------------------------------+
; Analysis & Synthesis Resource Utilization by Entity                                                                                                                                                                                ;
+----------------------------+-------------+--------------+------------+------+--------------+--------------+-------------------+------------------+-----------------+------------+---------------------+-------------+--------------+
; Compilation Hierarchy Node ; Logic Cells ; LC Registers ; UFM Blocks ; Pins ; Virtual Pins ; LUT-Only LCs ; Register-Only LCs ; LUT/Register LCs ; Carry Chain LCs ; Packed LCs ; Full Hierarchy Name ; Entity Name ; Library Name ;
+----------------------------+-------------+--------------+------------+------+--------------+--------------+-------------------+------------------+-----------------+------------+---------------------+-------------+--------------+
; |cpld_dsp                  ; 0 (0)       ; 0            ; 0          ; 41   ; 0            ; 0 (0)        ; 0 (0)             ; 0 (0)            ; 0 (0)           ; 0 (0)      ; |cpld_dsp           ; cpld_dsp    ; work         ;
+----------------------------+-------------+--------------+------------+------+--------------+--------------+-------------------+------------------+-----------------+------------+---------------------+-------------+--------------+
Note: For table entries with two numbers listed, the numbers in parentheses indicate the number of resources of the given type used by the specific entity alone. The numbers listed outside of parentheses indicate the total resources of the given type used by the specific entity and all of its sub-entities in the hierarchy.


+------------------------------------------------------+
; General Register Statistics                          ;
+----------------------------------------------+-------+
; Statistic                                    ; Value ;
+----------------------------------------------+-------+
; Total registers                              ; 0     ;
; Number of registers using Synchronous Clear  ; 0     ;
; Number of registers using Synchronous Load   ; 0     ;
; Number of registers using Asynchronous Clear ; 0     ;
; Number of registers using Asynchronous Load  ; 0     ;
; Number of registers using Clock Enable       ; 0     ;
; Number of registers using Preset             ; 0     ;
+----------------------------------------------+-------+


+--------------------------------------------------------------------------+
; Parameter Settings for User Entity Instance: Top-level Entity: |cpld_dsp ;
+----------------+-------+-------------------------------------------------+
; Parameter Name ; Value ; Type                                            ;
+----------------+-------+-------------------------------------------------+
; WIDTH          ; 8     ; Signed Integer                                  ;
+----------------+-------+-------------------------------------------------+
Note: In order to hide this table in the UI and the text report file, please set the "Show Parameter Settings in Synthesis Report" option in "Analysis and Synthesis Settings -> More Settings" to "Off".


+-------------------------------+
; Analysis & Synthesis Messages ;
+-------------------------------+
Info: *******************************************************************
Info: Running Quartus Prime Analysis & Synthesis
    Info: Version 22.1std.2 Build 922 07/20/2023 SC Lite Edition
    Info: Processing started: Sat Oct 14 14:26:28 2023
Info: Command: quartus_map --read_settings_files=on --write_settings_files=off cpld_dsp -c cpld_dsp
Warning (18236): Number of processors has not been specified which may cause overloading on shared machines.  Set the global assignment NUM_PARALLEL_PROCESSORS in your QSF to an appropriate value for best performance.
Info (20030): Parallel compilation is enabled and will use 4 of the 4 processors detected
Info (12021): Found 4 design units, including 1 entities, in source file cpld_dsp.vhd
    Info (12022): Found design unit 1: MyPackage File: C:/Users/Bugra/Documents/cpld/cpld_dsp/cpld_dsp.vhd Line: 6
    Info (12022): Found design unit 2: MyPackage-body File: C:/Users/Bugra/Documents/cpld/cpld_dsp/cpld_dsp.vhd Line: 15
    Info (12022): Found design unit 3: cpld_dsp-fpga File: C:/Users/Bugra/Documents/cpld/cpld_dsp/cpld_dsp.vhd Line: 42
    Info (12023): Found entity 1: cpld_dsp File: C:/Users/Bugra/Documents/cpld/cpld_dsp/cpld_dsp.vhd Line: 31
Info (12127): Elaborating entity "cpld_dsp" for the top level hierarchy
Warning (10541): VHDL Signal Declaration warning at cpld_dsp.vhd(37): used implicit default value for signal "sum" because signal was never assigned a value or an explicit default value. Use of implicit default value may introduce unintended design optimizations. File: C:/Users/Bugra/Documents/cpld/cpld_dsp/cpld_dsp.vhd Line: 37
Warning (10541): VHDL Signal Declaration warning at cpld_dsp.vhd(38): used implicit default value for signal "d" because signal was never assigned a value or an explicit default value. Use of implicit default value may introduce unintended design optimizations. File: C:/Users/Bugra/Documents/cpld/cpld_dsp/cpld_dsp.vhd Line: 38
Warning (10036): Verilog HDL or VHDL warning at cpld_dsp.vhd(44): object "op2" assigned a value but never read File: C:/Users/Bugra/Documents/cpld/cpld_dsp/cpld_dsp.vhd Line: 44
Warning (13024): Output pins are stuck at VCC or GND
    Warning (13410): Pin "sum[0]" is stuck at GND File: C:/Users/Bugra/Documents/cpld/cpld_dsp/cpld_dsp.vhd Line: 37
    Warning (13410): Pin "sum[1]" is stuck at GND File: C:/Users/Bugra/Documents/cpld/cpld_dsp/cpld_dsp.vhd Line: 37
    Warning (13410): Pin "sum[2]" is stuck at GND File: C:/Users/Bugra/Documents/cpld/cpld_dsp/cpld_dsp.vhd Line: 37
    Warning (13410): Pin "sum[3]" is stuck at GND File: C:/Users/Bugra/Documents/cpld/cpld_dsp/cpld_dsp.vhd Line: 37
    Warning (13410): Pin "sum[4]" is stuck at GND File: C:/Users/Bugra/Documents/cpld/cpld_dsp/cpld_dsp.vhd Line: 37
    Warning (13410): Pin "sum[5]" is stuck at GND File: C:/Users/Bugra/Documents/cpld/cpld_dsp/cpld_dsp.vhd Line: 37
    Warning (13410): Pin "sum[6]" is stuck at GND File: C:/Users/Bugra/Documents/cpld/cpld_dsp/cpld_dsp.vhd Line: 37
    Warning (13410): Pin "sum[7]" is stuck at GND File: C:/Users/Bugra/Documents/cpld/cpld_dsp/cpld_dsp.vhd Line: 37
    Warning (13410): Pin "d[0]" is stuck at GND File: C:/Users/Bugra/Documents/cpld/cpld_dsp/cpld_dsp.vhd Line: 38
    Warning (13410): Pin "d[1]" is stuck at GND File: C:/Users/Bugra/Documents/cpld/cpld_dsp/cpld_dsp.vhd Line: 38
    Warning (13410): Pin "d[2]" is stuck at GND File: C:/Users/Bugra/Documents/cpld/cpld_dsp/cpld_dsp.vhd Line: 38
    Warning (13410): Pin "d[3]" is stuck at GND File: C:/Users/Bugra/Documents/cpld/cpld_dsp/cpld_dsp.vhd Line: 38
    Warning (13410): Pin "d[4]" is stuck at GND File: C:/Users/Bugra/Documents/cpld/cpld_dsp/cpld_dsp.vhd Line: 38
    Warning (13410): Pin "d[5]" is stuck at GND File: C:/Users/Bugra/Documents/cpld/cpld_dsp/cpld_dsp.vhd Line: 38
    Warning (13410): Pin "d[6]" is stuck at GND File: C:/Users/Bugra/Documents/cpld/cpld_dsp/cpld_dsp.vhd Line: 38
    Warning (13410): Pin "d[7]" is stuck at GND File: C:/Users/Bugra/Documents/cpld/cpld_dsp/cpld_dsp.vhd Line: 38
Warning (21074): Design contains 25 input pin(s) that do not drive logic
    Warning (15610): No output dependent on input pin "clk" File: C:/Users/Bugra/Documents/cpld/cpld_dsp/cpld_dsp.vhd Line: 34
    Warning (15610): No output dependent on input pin "a[0]" File: C:/Users/Bugra/Documents/cpld/cpld_dsp/cpld_dsp.vhd Line: 35
    Warning (15610): No output dependent on input pin "a[1]" File: C:/Users/Bugra/Documents/cpld/cpld_dsp/cpld_dsp.vhd Line: 35
    Warning (15610): No output dependent on input pin "a[2]" File: C:/Users/Bugra/Documents/cpld/cpld_dsp/cpld_dsp.vhd Line: 35
    Warning (15610): No output dependent on input pin "a[3]" File: C:/Users/Bugra/Documents/cpld/cpld_dsp/cpld_dsp.vhd Line: 35
    Warning (15610): No output dependent on input pin "a[4]" File: C:/Users/Bugra/Documents/cpld/cpld_dsp/cpld_dsp.vhd Line: 35
    Warning (15610): No output dependent on input pin "a[5]" File: C:/Users/Bugra/Documents/cpld/cpld_dsp/cpld_dsp.vhd Line: 35
    Warning (15610): No output dependent on input pin "a[6]" File: C:/Users/Bugra/Documents/cpld/cpld_dsp/cpld_dsp.vhd Line: 35
    Warning (15610): No output dependent on input pin "a[7]" File: C:/Users/Bugra/Documents/cpld/cpld_dsp/cpld_dsp.vhd Line: 35
    Warning (15610): No output dependent on input pin "b[0]" File: C:/Users/Bugra/Documents/cpld/cpld_dsp/cpld_dsp.vhd Line: 35
    Warning (15610): No output dependent on input pin "b[1]" File: C:/Users/Bugra/Documents/cpld/cpld_dsp/cpld_dsp.vhd Line: 35
    Warning (15610): No output dependent on input pin "b[2]" File: C:/Users/Bugra/Documents/cpld/cpld_dsp/cpld_dsp.vhd Line: 35
    Warning (15610): No output dependent on input pin "b[3]" File: C:/Users/Bugra/Documents/cpld/cpld_dsp/cpld_dsp.vhd Line: 35
    Warning (15610): No output dependent on input pin "b[4]" File: C:/Users/Bugra/Documents/cpld/cpld_dsp/cpld_dsp.vhd Line: 35
    Warning (15610): No output dependent on input pin "b[5]" File: C:/Users/Bugra/Documents/cpld/cpld_dsp/cpld_dsp.vhd Line: 35
    Warning (15610): No output dependent on input pin "b[6]" File: C:/Users/Bugra/Documents/cpld/cpld_dsp/cpld_dsp.vhd Line: 35
    Warning (15610): No output dependent on input pin "b[7]" File: C:/Users/Bugra/Documents/cpld/cpld_dsp/cpld_dsp.vhd Line: 35
    Warning (15610): No output dependent on input pin "op1[0]" File: C:/Users/Bugra/Documents/cpld/cpld_dsp/cpld_dsp.vhd Line: 36
    Warning (15610): No output dependent on input pin "op1[1]" File: C:/Users/Bugra/Documents/cpld/cpld_dsp/cpld_dsp.vhd Line: 36
    Warning (15610): No output dependent on input pin "op1[2]" File: C:/Users/Bugra/Documents/cpld/cpld_dsp/cpld_dsp.vhd Line: 36
    Warning (15610): No output dependent on input pin "op1[3]" File: C:/Users/Bugra/Documents/cpld/cpld_dsp/cpld_dsp.vhd Line: 36
    Warning (15610): No output dependent on input pin "op1[4]" File: C:/Users/Bugra/Documents/cpld/cpld_dsp/cpld_dsp.vhd Line: 36
    Warning (15610): No output dependent on input pin "op1[5]" File: C:/Users/Bugra/Documents/cpld/cpld_dsp/cpld_dsp.vhd Line: 36
    Warning (15610): No output dependent on input pin "op1[6]" File: C:/Users/Bugra/Documents/cpld/cpld_dsp/cpld_dsp.vhd Line: 36
    Warning (15610): No output dependent on input pin "op1[7]" File: C:/Users/Bugra/Documents/cpld/cpld_dsp/cpld_dsp.vhd Line: 36
Info (21057): Implemented 41 device resources after synthesis - the final resource count might be different
    Info (21058): Implemented 25 input pins
    Info (21059): Implemented 16 output pins
Info: Quartus Prime Analysis & Synthesis was successful. 0 errors, 47 warnings
    Info: Peak virtual memory: 4784 megabytes
    Info: Processing ended: Sat Oct 14 14:26:36 2023
    Info: Elapsed time: 00:00:08
    Info: Total CPU time (on all processors): 00:00:19


